CRITICAL - 2025-10-23 17:12:51 --> CodeIgniter\Filters\Exceptions\FilterException: "session" filter must have a matching alias defined.
in SYSTEMPATH\Filters\Filters.php on line 355.
 1 SYSTEMPATH\Filters\Filters.php(355): CodeIgniter\Filters\Exceptions\FilterException::forNoAlias('session')
 2 SYSTEMPATH\Filters\Filters.php(409): CodeIgniter\Filters\Filters->enableFilter('session', 'before')
 3 SYSTEMPATH\Commands\Utilities\Routes\FilterFinder.php(63): CodeIgniter\Filters\Filters->enableFilters([...], 'before')
 4 SYSTEMPATH\Commands\Utilities\Routes\FilterCollector.php(62): CodeIgniter\Commands\Utilities\Routes\FilterFinder->find('api/student/enrolled-courses')
 5 SYSTEMPATH\Commands\Utilities\Routes.php(122): CodeIgniter\Commands\Utilities\Routes\FilterCollector->get('get', 'api/student/enrolled-courses')
 6 SYSTEMPATH\CLI\Commands.php(65): CodeIgniter\Commands\Utilities\Routes->run([])
 7 SYSTEMPATH\CLI\Console.php(46): CodeIgniter\CLI\Commands->run('routes', [])
 8 ROOTPATH\spark(102): CodeIgniter\CLI\Console->run()
CRITICAL - 2025-10-23 17:13:02 --> CodeIgniter\Filters\Exceptions\FilterException: "session" filter must have a matching alias defined.
in SYSTEMPATH\Filters\Filters.php on line 355.
 1 SYSTEMPATH\Filters\Filters.php(355): CodeIgniter\Filters\Exceptions\FilterException::forNoAlias('session')
 2 SYSTEMPATH\Filters\Filters.php(409): CodeIgniter\Filters\Filters->enableFilter('session', 'before')
 3 SYSTEMPATH\Commands\Utilities\Routes\FilterFinder.php(63): CodeIgniter\Filters\Filters->enableFilters([...], 'before')
 4 SYSTEMPATH\Commands\Utilities\Routes\FilterCollector.php(62): CodeIgniter\Commands\Utilities\Routes\FilterFinder->find('api/student/enrolled-courses')
 5 SYSTEMPATH\Commands\Utilities\Routes.php(122): CodeIgniter\Commands\Utilities\Routes\FilterCollector->get('get', 'api/student/enrolled-courses')
 6 SYSTEMPATH\CLI\Commands.php(65): CodeIgniter\Commands\Utilities\Routes->run([])
 7 SYSTEMPATH\CLI\Console.php(46): CodeIgniter\CLI\Commands->run('routes', [])
 8 ROOTPATH\spark(102): CodeIgniter\CLI\Console->run()
CRITICAL - 2025-10-23 17:16:51 --> CodeIgniter\Filters\Exceptions\FilterException: "session" filter must have a matching alias defined.
in SYSTEMPATH\Filters\Filters.php on line 355.
 1 SYSTEMPATH\Filters\Filters.php(355): CodeIgniter\Filters\Exceptions\FilterException::forNoAlias('session')
 2 SYSTEMPATH\Filters\Filters.php(409): CodeIgniter\Filters\Filters->enableFilter('session', 'before')
 3 SYSTEMPATH\Commands\Utilities\Routes\FilterFinder.php(63): CodeIgniter\Filters\Filters->enableFilters([...], 'before')
 4 SYSTEMPATH\Commands\Utilities\Routes\FilterCollector.php(62): CodeIgniter\Commands\Utilities\Routes\FilterFinder->find('api/student/enrolled-courses')
 5 SYSTEMPATH\Commands\Utilities\Routes.php(122): CodeIgniter\Commands\Utilities\Routes\FilterCollector->get('get', 'api/student/enrolled-courses')
 6 SYSTEMPATH\CLI\Commands.php(65): CodeIgniter\Commands\Utilities\Routes->run([])
 7 SYSTEMPATH\CLI\Console.php(46): CodeIgniter\CLI\Commands->run('routes', [])
 8 ROOTPATH\spark(102): CodeIgniter\CLI\Console->run()
CRITICAL - 2025-10-23 17:31:06 --> CodeIgniter\Filters\Exceptions\FilterException: "session" filter must have a matching alias defined.
in SYSTEMPATH\Filters\Filters.php on line 355.
 1 SYSTEMPATH\Filters\Filters.php(355): CodeIgniter\Filters\Exceptions\FilterException::forNoAlias('session')
 2 SYSTEMPATH\Filters\Filters.php(409): CodeIgniter\Filters\Filters->enableFilter('session', 'before')
 3 SYSTEMPATH\Commands\Utilities\Routes\FilterFinder.php(63): CodeIgniter\Filters\Filters->enableFilters([...], 'before')
 4 SYSTEMPATH\Commands\Utilities\Routes\FilterCollector.php(62): CodeIgniter\Commands\Utilities\Routes\FilterFinder->find('api/student/enrolled-courses')
 5 SYSTEMPATH\Commands\Utilities\Routes.php(122): CodeIgniter\Commands\Utilities\Routes\FilterCollector->get('get', 'api/student/enrolled-courses')
 6 SYSTEMPATH\CLI\Commands.php(65): CodeIgniter\Commands\Utilities\Routes->run([])
 7 SYSTEMPATH\CLI\Console.php(46): CodeIgniter\CLI\Commands->run('routes', [])
 8 ROOTPATH\spark(102): CodeIgniter\CLI\Console->run()
CRITICAL - 2025-10-23 17:31:20 --> CodeIgniter\Filters\Exceptions\FilterException: "session" filter must have a matching alias defined.
in SYSTEMPATH\Filters\Filters.php on line 355.
 1 SYSTEMPATH\Filters\Filters.php(355): CodeIgniter\Filters\Exceptions\FilterException::forNoAlias('session')
 2 SYSTEMPATH\Filters\Filters.php(409): CodeIgniter\Filters\Filters->enableFilter('session', 'before')
 3 SYSTEMPATH\Commands\Utilities\Routes\FilterFinder.php(63): CodeIgniter\Filters\Filters->enableFilters([...], 'before')
 4 SYSTEMPATH\Commands\Utilities\Routes\FilterCollector.php(62): CodeIgniter\Commands\Utilities\Routes\FilterFinder->find('api/student/enrolled-courses')
 5 SYSTEMPATH\Commands\Utilities\Routes.php(122): CodeIgniter\Commands\Utilities\Routes\FilterCollector->get('get', 'api/student/enrolled-courses')
 6 SYSTEMPATH\CLI\Commands.php(65): CodeIgniter\Commands\Utilities\Routes->run([])
 7 SYSTEMPATH\CLI\Console.php(46): CodeIgniter\CLI\Commands->run('routes', [])
 8 ROOTPATH\spark(102): CodeIgniter\CLI\Console->run()
