ERROR - 2025-10-09 16:50:07 --> Error connecting to the database: mysqli_sql_exception: No connection could be made because the target machine actively refused it in C:\xampp\htdocs\ITE311-TERRADO\system\Database\MySQLi\Connection.php:184
Stack trace:
#0 C:\xampp\htdocs\ITE311-TERRADO\system\Database\MySQLi\Connection.php(184): mysqli->real_connect('localhost', 'root', Object(SensitiveParameterValue), 'lms_terrado', 3307, '', 0)
#1 C:\xampp\htdocs\ITE311-TERRADO\system\Database\BaseConnection.php(392): CodeIgniter\Database\MySQLi\Connection->connect(false)
#2 C:\xampp\htdocs\ITE311-TERRADO\system\Database\Database.php(66): CodeIgniter\Database\BaseConnection->initialize()
#3 C:\xampp\htdocs\ITE311-TERRADO\system\Database\Config.php(109): CodeIgniter\Database\Database->loadForge(Object(CodeIgniter\Database\MySQLi\Connection))
#4 C:\xampp\htdocs\ITE311-TERRADO\system\Database\Migration.php(49): CodeIgniter\Database\Config::forge('default')
#5 C:\xampp\htdocs\ITE311-TERRADO\system\Config\Factories.php(218): CodeIgniter\Database\Migration->__construct()
#6 C:\xampp\htdocs\ITE311-TERRADO\system\Config\Factories.php(168): CodeIgniter\Config\Factories::createInstance('config', 'App\\Database\\Mi...', Array)
#7 C:\xampp\htdocs\ITE311-TERRADO\system\Common.php(215): CodeIgniter\Config\Factories::__callStatic('config', Array)
#8 C:\xampp\htdocs\ITE311-TERRADO\system\Commands\Generators\MigrationGenerator.php(127): config('Config\\Migratio...')
#9 C:\xampp\htdocs\ITE311-TERRADO\system\CLI\GeneratorTrait.php(335): CodeIgniter\Commands\Generators\MigrationGenerator->basename('C:\\xampp\\htdocs...')
#10 C:\xampp\htdocs\ITE311-TERRADO\system\CLI\GeneratorTrait.php(109): CodeIgniter\Commands\Generators\MigrationGenerator->buildPath('App\\Database\\Mi...')
#11 C:\xampp\htdocs\ITE311-TERRADO\system\CLI\GeneratorTrait.php(95): CodeIgniter\Commands\Generators\MigrationGenerator->generateClass(Array)
#12 C:\xampp\htdocs\ITE311-TERRADO\system\Commands\Generators\MigrationGenerator.php(93): CodeIgniter\Commands\Generators\MigrationGenerator->execute(Array)
#13 C:\xampp\htdocs\ITE311-TERRADO\system\CLI\Commands.php(65): CodeIgniter\Commands\Generators\MigrationGenerator->run(Array)
#14 C:\xampp\htdocs\ITE311-TERRADO\system\CLI\Console.php(46): CodeIgniter\CLI\Commands->run('make:migration', Array)
#15 C:\xampp\htdocs\ITE311-TERRADO\spark(102): CodeIgniter\CLI\Console->run()
#16 {main}

Next CodeIgniter\Database\Exceptions\DatabaseException: No connection could be made because the target machine actively refused it in C:\xampp\htdocs\ITE311-TERRADO\system\Database\MySQLi\Connection.php:229
Stack trace:
#0 C:\xampp\htdocs\ITE311-TERRADO\system\Database\BaseConnection.php(392): CodeIgniter\Database\MySQLi\Connection->connect(false)
#1 C:\xampp\htdocs\ITE311-TERRADO\system\Database\Database.php(66): CodeIgniter\Database\BaseConnection->initialize()
#2 C:\xampp\htdocs\ITE311-TERRADO\system\Database\Config.php(109): CodeIgniter\Database\Database->loadForge(Object(CodeIgniter\Database\MySQLi\Connection))
#3 C:\xampp\htdocs\ITE311-TERRADO\system\Database\Migration.php(49): CodeIgniter\Database\Config::forge('default')
#4 C:\xampp\htdocs\ITE311-TERRADO\system\Config\Factories.php(218): CodeIgniter\Database\Migration->__construct()
#5 C:\xampp\htdocs\ITE311-TERRADO\system\Config\Factories.php(168): CodeIgniter\Config\Factories::createInstance('config', 'App\\Database\\Mi...', Array)
#6 C:\xampp\htdocs\ITE311-TERRADO\system\Common.php(215): CodeIgniter\Config\Factories::__callStatic('config', Array)
#7 C:\xampp\htdocs\ITE311-TERRADO\system\Commands\Generators\MigrationGenerator.php(127): config('Config\\Migratio...')
#8 C:\xampp\htdocs\ITE311-TERRADO\system\CLI\GeneratorTrait.php(335): CodeIgniter\Commands\Generators\MigrationGenerator->basename('C:\\xampp\\htdocs...')
#9 C:\xampp\htdocs\ITE311-TERRADO\system\CLI\GeneratorTrait.php(109): CodeIgniter\Commands\Generators\MigrationGenerator->buildPath('App\\Database\\Mi...')
#10 C:\xampp\htdocs\ITE311-TERRADO\system\CLI\GeneratorTrait.php(95): CodeIgniter\Commands\Generators\MigrationGenerator->generateClass(Array)
#11 C:\xampp\htdocs\ITE311-TERRADO\system\Commands\Generators\MigrationGenerator.php(93): CodeIgniter\Commands\Generators\MigrationGenerator->execute(Array)
#12 C:\xampp\htdocs\ITE311-TERRADO\system\CLI\Commands.php(65): CodeIgniter\Commands\Generators\MigrationGenerator->run(Array)
#13 C:\xampp\htdocs\ITE311-TERRADO\system\CLI\Console.php(46): CodeIgniter\CLI\Commands->run('make:migration', Array)
#14 C:\xampp\htdocs\ITE311-TERRADO\spark(102): CodeIgniter\CLI\Console->run()
#15 {main}
CRITICAL - 2025-10-09 16:50:07 --> CodeIgniter\Database\Exceptions\DatabaseException: Unable to connect to the database.
Main connection [MySQLi]: No connection could be made because the target machine actively refused it
in SYSTEMPATH\Database\BaseConnection.php on line 428.
 1 SYSTEMPATH\Database\Database.php(66): CodeIgniter\Database\BaseConnection->initialize()
 2 SYSTEMPATH\Database\Config.php(109): CodeIgniter\Database\Database->loadForge(Object(CodeIgniter\Database\MySQLi\Connection))
 3 SYSTEMPATH\Database\Migration.php(49): CodeIgniter\Database\Config::forge('default')
 4 SYSTEMPATH\Config\Factories.php(218): CodeIgniter\Database\Migration->__construct()
 5 SYSTEMPATH\Config\Factories.php(168): CodeIgniter\Config\Factories::createInstance('config', 'App\\Database\\Migrations\\CreateUsersTable', [])
 6 SYSTEMPATH\Common.php(215): CodeIgniter\Config\Factories::__callStatic('config', [])
 7 SYSTEMPATH\Commands\Generators\MigrationGenerator.php(127): config('Config\\Migrations')
 8 SYSTEMPATH\CLI\GeneratorTrait.php(335): CodeIgniter\Commands\Generators\MigrationGenerator->basename('C:\\xampp\\htdocs\\ITE311-TERRADO\\app\\Database\\Migrations\\CreateEnrollmentsTable.php')
 9 SYSTEMPATH\CLI\GeneratorTrait.php(109): CodeIgniter\Commands\Generators\MigrationGenerator->buildPath('App\\Database\\Migrations\\CreateEnrollmentsTable')
10 SYSTEMPATH\CLI\GeneratorTrait.php(95): CodeIgniter\Commands\Generators\MigrationGenerator->generateClass([...])
11 SYSTEMPATH\Commands\Generators\MigrationGenerator.php(93): CodeIgniter\Commands\Generators\MigrationGenerator->execute([...])
12 SYSTEMPATH\CLI\Commands.php(65): CodeIgniter\Commands\Generators\MigrationGenerator->run([...])
13 SYSTEMPATH\CLI\Console.php(46): CodeIgniter\CLI\Commands->run('make:migration', [...])
14 ROOTPATH\spark(102): CodeIgniter\CLI\Console->run()
ERROR - 2025-10-09 16:53:35 --> Error connecting to the database: mysqli_sql_exception: No connection could be made because the target machine actively refused it in C:\xampp\htdocs\ITE311-TERRADO\system\Database\MySQLi\Connection.php:184
Stack trace:
#0 C:\xampp\htdocs\ITE311-TERRADO\system\Database\MySQLi\Connection.php(184): mysqli->real_connect('localhost', 'root', Object(SensitiveParameterValue), 'lms_terrado', 3307, '', 0)
#1 C:\xampp\htdocs\ITE311-TERRADO\system\Database\BaseConnection.php(392): CodeIgniter\Database\MySQLi\Connection->connect(false)
#2 C:\xampp\htdocs\ITE311-TERRADO\system\Database\Database.php(66): CodeIgniter\Database\BaseConnection->initialize()
#3 C:\xampp\htdocs\ITE311-TERRADO\system\Database\Config.php(109): CodeIgniter\Database\Database->loadForge(Object(CodeIgniter\Database\MySQLi\Connection))
#4 C:\xampp\htdocs\ITE311-TERRADO\system\Database\Migration.php(49): CodeIgniter\Database\Config::forge('default')
#5 C:\xampp\htdocs\ITE311-TERRADO\system\Config\Factories.php(218): CodeIgniter\Database\Migration->__construct()
#6 C:\xampp\htdocs\ITE311-TERRADO\system\Config\Factories.php(168): CodeIgniter\Config\Factories::createInstance('config', 'App\\Database\\Mi...', Array)
#7 C:\xampp\htdocs\ITE311-TERRADO\system\Common.php(215): CodeIgniter\Config\Factories::__callStatic('config', Array)
#8 C:\xampp\htdocs\ITE311-TERRADO\system\Commands\Generators\MigrationGenerator.php(127): config('Config\\Migratio...')
#9 C:\xampp\htdocs\ITE311-TERRADO\system\CLI\GeneratorTrait.php(335): CodeIgniter\Commands\Generators\MigrationGenerator->basename('C:\\xampp\\htdocs...')
#10 C:\xampp\htdocs\ITE311-TERRADO\system\CLI\GeneratorTrait.php(109): CodeIgniter\Commands\Generators\MigrationGenerator->buildPath('App\\Database\\Mi...')
#11 C:\xampp\htdocs\ITE311-TERRADO\system\CLI\GeneratorTrait.php(95): CodeIgniter\Commands\Generators\MigrationGenerator->generateClass(Array)
#12 C:\xampp\htdocs\ITE311-TERRADO\system\Commands\Generators\MigrationGenerator.php(93): CodeIgniter\Commands\Generators\MigrationGenerator->execute(Array)
#13 C:\xampp\htdocs\ITE311-TERRADO\system\CLI\Commands.php(65): CodeIgniter\Commands\Generators\MigrationGenerator->run(Array)
#14 C:\xampp\htdocs\ITE311-TERRADO\system\CLI\Console.php(46): CodeIgniter\CLI\Commands->run('make:migration', Array)
#15 C:\xampp\htdocs\ITE311-TERRADO\spark(102): CodeIgniter\CLI\Console->run()
#16 {main}

Next CodeIgniter\Database\Exceptions\DatabaseException: No connection could be made because the target machine actively refused it in C:\xampp\htdocs\ITE311-TERRADO\system\Database\MySQLi\Connection.php:229
Stack trace:
#0 C:\xampp\htdocs\ITE311-TERRADO\system\Database\BaseConnection.php(392): CodeIgniter\Database\MySQLi\Connection->connect(false)
#1 C:\xampp\htdocs\ITE311-TERRADO\system\Database\Database.php(66): CodeIgniter\Database\BaseConnection->initialize()
#2 C:\xampp\htdocs\ITE311-TERRADO\system\Database\Config.php(109): CodeIgniter\Database\Database->loadForge(Object(CodeIgniter\Database\MySQLi\Connection))
#3 C:\xampp\htdocs\ITE311-TERRADO\system\Database\Migration.php(49): CodeIgniter\Database\Config::forge('default')
#4 C:\xampp\htdocs\ITE311-TERRADO\system\Config\Factories.php(218): CodeIgniter\Database\Migration->__construct()
#5 C:\xampp\htdocs\ITE311-TERRADO\system\Config\Factories.php(168): CodeIgniter\Config\Factories::createInstance('config', 'App\\Database\\Mi...', Array)
#6 C:\xampp\htdocs\ITE311-TERRADO\system\Common.php(215): CodeIgniter\Config\Factories::__callStatic('config', Array)
#7 C:\xampp\htdocs\ITE311-TERRADO\system\Commands\Generators\MigrationGenerator.php(127): config('Config\\Migratio...')
#8 C:\xampp\htdocs\ITE311-TERRADO\system\CLI\GeneratorTrait.php(335): CodeIgniter\Commands\Generators\MigrationGenerator->basename('C:\\xampp\\htdocs...')
#9 C:\xampp\htdocs\ITE311-TERRADO\system\CLI\GeneratorTrait.php(109): CodeIgniter\Commands\Generators\MigrationGenerator->buildPath('App\\Database\\Mi...')
#10 C:\xampp\htdocs\ITE311-TERRADO\system\CLI\GeneratorTrait.php(95): CodeIgniter\Commands\Generators\MigrationGenerator->generateClass(Array)
#11 C:\xampp\htdocs\ITE311-TERRADO\system\Commands\Generators\MigrationGenerator.php(93): CodeIgniter\Commands\Generators\MigrationGenerator->execute(Array)
#12 C:\xampp\htdocs\ITE311-TERRADO\system\CLI\Commands.php(65): CodeIgniter\Commands\Generators\MigrationGenerator->run(Array)
#13 C:\xampp\htdocs\ITE311-TERRADO\system\CLI\Console.php(46): CodeIgniter\CLI\Commands->run('make:migration', Array)
#14 C:\xampp\htdocs\ITE311-TERRADO\spark(102): CodeIgniter\CLI\Console->run()
#15 {main}
CRITICAL - 2025-10-09 16:53:35 --> CodeIgniter\Database\Exceptions\DatabaseException: Unable to connect to the database.
Main connection [MySQLi]: No connection could be made because the target machine actively refused it
in SYSTEMPATH\Database\BaseConnection.php on line 428.
 1 SYSTEMPATH\Database\Database.php(66): CodeIgniter\Database\BaseConnection->initialize()
 2 SYSTEMPATH\Database\Config.php(109): CodeIgniter\Database\Database->loadForge(Object(CodeIgniter\Database\MySQLi\Connection))
 3 SYSTEMPATH\Database\Migration.php(49): CodeIgniter\Database\Config::forge('default')
 4 SYSTEMPATH\Config\Factories.php(218): CodeIgniter\Database\Migration->__construct()
 5 SYSTEMPATH\Config\Factories.php(168): CodeIgniter\Config\Factories::createInstance('config', 'App\\Database\\Migrations\\CreateUsersTable', [])
 6 SYSTEMPATH\Common.php(215): CodeIgniter\Config\Factories::__callStatic('config', [])
 7 SYSTEMPATH\Commands\Generators\MigrationGenerator.php(127): config('Config\\Migrations')
 8 SYSTEMPATH\CLI\GeneratorTrait.php(335): CodeIgniter\Commands\Generators\MigrationGenerator->basename('C:\\xampp\\htdocs\\ITE311-TERRADO\\app\\Database\\Migrations\\CreateEnrollmentsTable.php')
 9 SYSTEMPATH\CLI\GeneratorTrait.php(109): CodeIgniter\Commands\Generators\MigrationGenerator->buildPath('App\\Database\\Migrations\\CreateEnrollmentsTable')
10 SYSTEMPATH\CLI\GeneratorTrait.php(95): CodeIgniter\Commands\Generators\MigrationGenerator->generateClass([...])
11 SYSTEMPATH\Commands\Generators\MigrationGenerator.php(93): CodeIgniter\Commands\Generators\MigrationGenerator->execute([...])
12 SYSTEMPATH\CLI\Commands.php(65): CodeIgniter\Commands\Generators\MigrationGenerator->run([...])
13 SYSTEMPATH\CLI\Console.php(46): CodeIgniter\CLI\Commands->run('make:migration', [...])
14 ROOTPATH\spark(102): CodeIgniter\CLI\Console->run()
ERROR - 2025-10-09 16:53:58 --> Error connecting to the database: mysqli_sql_exception: No connection could be made because the target machine actively refused it in C:\xampp\htdocs\ITE311-TERRADO\system\Database\MySQLi\Connection.php:184
Stack trace:
#0 C:\xampp\htdocs\ITE311-TERRADO\system\Database\MySQLi\Connection.php(184): mysqli->real_connect('localhost', 'root', Object(SensitiveParameterValue), 'lms_terrado', 3307, '', 0)
#1 C:\xampp\htdocs\ITE311-TERRADO\system\Database\BaseConnection.php(392): CodeIgniter\Database\MySQLi\Connection->connect(false)
#2 C:\xampp\htdocs\ITE311-TERRADO\system\Database\Database.php(66): CodeIgniter\Database\BaseConnection->initialize()
#3 C:\xampp\htdocs\ITE311-TERRADO\system\Database\Config.php(109): CodeIgniter\Database\Database->loadForge(Object(CodeIgniter\Database\MySQLi\Connection))
#4 C:\xampp\htdocs\ITE311-TERRADO\system\Database\Migration.php(49): CodeIgniter\Database\Config::forge('default')
#5 C:\xampp\htdocs\ITE311-TERRADO\system\Config\Factories.php(218): CodeIgniter\Database\Migration->__construct()
#6 C:\xampp\htdocs\ITE311-TERRADO\system\Config\Factories.php(168): CodeIgniter\Config\Factories::createInstance('config', 'App\\Database\\Mi...', Array)
#7 C:\xampp\htdocs\ITE311-TERRADO\system\Common.php(215): CodeIgniter\Config\Factories::__callStatic('config', Array)
#8 C:\xampp\htdocs\ITE311-TERRADO\system\Commands\Generators\MigrationGenerator.php(127): config('Config\\Migratio...')
#9 C:\xampp\htdocs\ITE311-TERRADO\system\CLI\GeneratorTrait.php(335): CodeIgniter\Commands\Generators\MigrationGenerator->basename('C:\\xampp\\htdocs...')
#10 C:\xampp\htdocs\ITE311-TERRADO\system\CLI\GeneratorTrait.php(109): CodeIgniter\Commands\Generators\MigrationGenerator->buildPath('App\\Database\\Mi...')
#11 C:\xampp\htdocs\ITE311-TERRADO\system\CLI\GeneratorTrait.php(95): CodeIgniter\Commands\Generators\MigrationGenerator->generateClass(Array)
#12 C:\xampp\htdocs\ITE311-TERRADO\system\Commands\Generators\MigrationGenerator.php(93): CodeIgniter\Commands\Generators\MigrationGenerator->execute(Array)
#13 C:\xampp\htdocs\ITE311-TERRADO\system\CLI\Commands.php(65): CodeIgniter\Commands\Generators\MigrationGenerator->run(Array)
#14 C:\xampp\htdocs\ITE311-TERRADO\system\CLI\Console.php(46): CodeIgniter\CLI\Commands->run('make:migration', Array)
#15 C:\xampp\htdocs\ITE311-TERRADO\spark(102): CodeIgniter\CLI\Console->run()
#16 {main}

Next CodeIgniter\Database\Exceptions\DatabaseException: No connection could be made because the target machine actively refused it in C:\xampp\htdocs\ITE311-TERRADO\system\Database\MySQLi\Connection.php:229
Stack trace:
#0 C:\xampp\htdocs\ITE311-TERRADO\system\Database\BaseConnection.php(392): CodeIgniter\Database\MySQLi\Connection->connect(false)
#1 C:\xampp\htdocs\ITE311-TERRADO\system\Database\Database.php(66): CodeIgniter\Database\BaseConnection->initialize()
#2 C:\xampp\htdocs\ITE311-TERRADO\system\Database\Config.php(109): CodeIgniter\Database\Database->loadForge(Object(CodeIgniter\Database\MySQLi\Connection))
#3 C:\xampp\htdocs\ITE311-TERRADO\system\Database\Migration.php(49): CodeIgniter\Database\Config::forge('default')
#4 C:\xampp\htdocs\ITE311-TERRADO\system\Config\Factories.php(218): CodeIgniter\Database\Migration->__construct()
#5 C:\xampp\htdocs\ITE311-TERRADO\system\Config\Factories.php(168): CodeIgniter\Config\Factories::createInstance('config', 'App\\Database\\Mi...', Array)
#6 C:\xampp\htdocs\ITE311-TERRADO\system\Common.php(215): CodeIgniter\Config\Factories::__callStatic('config', Array)
#7 C:\xampp\htdocs\ITE311-TERRADO\system\Commands\Generators\MigrationGenerator.php(127): config('Config\\Migratio...')
#8 C:\xampp\htdocs\ITE311-TERRADO\system\CLI\GeneratorTrait.php(335): CodeIgniter\Commands\Generators\MigrationGenerator->basename('C:\\xampp\\htdocs...')
#9 C:\xampp\htdocs\ITE311-TERRADO\system\CLI\GeneratorTrait.php(109): CodeIgniter\Commands\Generators\MigrationGenerator->buildPath('App\\Database\\Mi...')
#10 C:\xampp\htdocs\ITE311-TERRADO\system\CLI\GeneratorTrait.php(95): CodeIgniter\Commands\Generators\MigrationGenerator->generateClass(Array)
#11 C:\xampp\htdocs\ITE311-TERRADO\system\Commands\Generators\MigrationGenerator.php(93): CodeIgniter\Commands\Generators\MigrationGenerator->execute(Array)
#12 C:\xampp\htdocs\ITE311-TERRADO\system\CLI\Commands.php(65): CodeIgniter\Commands\Generators\MigrationGenerator->run(Array)
#13 C:\xampp\htdocs\ITE311-TERRADO\system\CLI\Console.php(46): CodeIgniter\CLI\Commands->run('make:migration', Array)
#14 C:\xampp\htdocs\ITE311-TERRADO\spark(102): CodeIgniter\CLI\Console->run()
#15 {main}
CRITICAL - 2025-10-09 16:53:58 --> CodeIgniter\Database\Exceptions\DatabaseException: Unable to connect to the database.
Main connection [MySQLi]: No connection could be made because the target machine actively refused it
in SYSTEMPATH\Database\BaseConnection.php on line 428.
 1 SYSTEMPATH\Database\Database.php(66): CodeIgniter\Database\BaseConnection->initialize()
 2 SYSTEMPATH\Database\Config.php(109): CodeIgniter\Database\Database->loadForge(Object(CodeIgniter\Database\MySQLi\Connection))
 3 SYSTEMPATH\Database\Migration.php(49): CodeIgniter\Database\Config::forge('default')
 4 SYSTEMPATH\Config\Factories.php(218): CodeIgniter\Database\Migration->__construct()
 5 SYSTEMPATH\Config\Factories.php(168): CodeIgniter\Config\Factories::createInstance('config', 'App\\Database\\Migrations\\CreateUsersTable', [])
 6 SYSTEMPATH\Common.php(215): CodeIgniter\Config\Factories::__callStatic('config', [])
 7 SYSTEMPATH\Commands\Generators\MigrationGenerator.php(127): config('Config\\Migrations')
 8 SYSTEMPATH\CLI\GeneratorTrait.php(335): CodeIgniter\Commands\Generators\MigrationGenerator->basename('C:\\xampp\\htdocs\\ITE311-TERRADO\\app\\Database\\Migrations\\CreateEnrollmentsTable.php')
 9 SYSTEMPATH\CLI\GeneratorTrait.php(109): CodeIgniter\Commands\Generators\MigrationGenerator->buildPath('App\\Database\\Migrations\\CreateEnrollmentsTable')
10 SYSTEMPATH\CLI\GeneratorTrait.php(95): CodeIgniter\Commands\Generators\MigrationGenerator->generateClass([...])
11 SYSTEMPATH\Commands\Generators\MigrationGenerator.php(93): CodeIgniter\Commands\Generators\MigrationGenerator->execute([...])
12 SYSTEMPATH\CLI\Commands.php(65): CodeIgniter\Commands\Generators\MigrationGenerator->run([...])
13 SYSTEMPATH\CLI\Console.php(46): CodeIgniter\CLI\Commands->run('make:migration', [...])
14 ROOTPATH\spark(102): CodeIgniter\CLI\Console->run()
ERROR - 2025-10-09 17:02:45 --> Error connecting to the database: mysqli_sql_exception: No connection could be made because the target machine actively refused it in C:\xampp\htdocs\ITE311-TERRADO\system\Database\MySQLi\Connection.php:184
Stack trace:
#0 C:\xampp\htdocs\ITE311-TERRADO\system\Database\MySQLi\Connection.php(184): mysqli->real_connect('localhost', 'root', Object(SensitiveParameterValue), 'lms_terrado', 3307, '', 0)
#1 C:\xampp\htdocs\ITE311-TERRADO\system\Database\BaseConnection.php(392): CodeIgniter\Database\MySQLi\Connection->connect(false)
#2 C:\xampp\htdocs\ITE311-TERRADO\system\Database\Database.php(66): CodeIgniter\Database\BaseConnection->initialize()
#3 C:\xampp\htdocs\ITE311-TERRADO\system\Database\Config.php(109): CodeIgniter\Database\Database->loadForge(Object(CodeIgniter\Database\MySQLi\Connection))
#4 C:\xampp\htdocs\ITE311-TERRADO\system\Database\Migration.php(49): CodeIgniter\Database\Config::forge('default')
#5 C:\xampp\htdocs\ITE311-TERRADO\system\Config\Factories.php(218): CodeIgniter\Database\Migration->__construct()
#6 C:\xampp\htdocs\ITE311-TERRADO\system\Config\Factories.php(168): CodeIgniter\Config\Factories::createInstance('config', 'App\\Database\\Mi...', Array)
#7 C:\xampp\htdocs\ITE311-TERRADO\system\Common.php(215): CodeIgniter\Config\Factories::__callStatic('config', Array)
#8 C:\xampp\htdocs\ITE311-TERRADO\system\Config\Services.php(415): config('Config\\Migratio...')
#9 C:\xampp\htdocs\ITE311-TERRADO\system\Config\BaseService.php(258): CodeIgniter\Config\Services::migrations(NULL, NULL, false)
#10 C:\xampp\htdocs\ITE311-TERRADO\system\Config\BaseService.php(199): CodeIgniter\Config\BaseService::__callStatic('migrations', Array)
#11 C:\xampp\htdocs\ITE311-TERRADO\system\Config\Services.php(412): CodeIgniter\Config\BaseService::getSharedInstance('migrations', NULL, NULL)
#12 C:\xampp\htdocs\ITE311-TERRADO\system\Config\BaseService.php(258): CodeIgniter\Config\Services::migrations()
#13 C:\xampp\htdocs\ITE311-TERRADO\system\Commands\Database\Migrate.php(69): CodeIgniter\Config\BaseService::__callStatic('migrations', Array)
#14 C:\xampp\htdocs\ITE311-TERRADO\system\CLI\Commands.php(65): CodeIgniter\Commands\Database\Migrate->run(Array)
#15 C:\xampp\htdocs\ITE311-TERRADO\system\CLI\Console.php(46): CodeIgniter\CLI\Commands->run('migrate', Array)
#16 C:\xampp\htdocs\ITE311-TERRADO\spark(102): CodeIgniter\CLI\Console->run()
#17 {main}

Next CodeIgniter\Database\Exceptions\DatabaseException: No connection could be made because the target machine actively refused it in C:\xampp\htdocs\ITE311-TERRADO\system\Database\MySQLi\Connection.php:229
Stack trace:
#0 C:\xampp\htdocs\ITE311-TERRADO\system\Database\BaseConnection.php(392): CodeIgniter\Database\MySQLi\Connection->connect(false)
#1 C:\xampp\htdocs\ITE311-TERRADO\system\Database\Database.php(66): CodeIgniter\Database\BaseConnection->initialize()
#2 C:\xampp\htdocs\ITE311-TERRADO\system\Database\Config.php(109): CodeIgniter\Database\Database->loadForge(Object(CodeIgniter\Database\MySQLi\Connection))
#3 C:\xampp\htdocs\ITE311-TERRADO\system\Database\Migration.php(49): CodeIgniter\Database\Config::forge('default')
#4 C:\xampp\htdocs\ITE311-TERRADO\system\Config\Factories.php(218): CodeIgniter\Database\Migration->__construct()
#5 C:\xampp\htdocs\ITE311-TERRADO\system\Config\Factories.php(168): CodeIgniter\Config\Factories::createInstance('config', 'App\\Database\\Mi...', Array)
#6 C:\xampp\htdocs\ITE311-TERRADO\system\Common.php(215): CodeIgniter\Config\Factories::__callStatic('config', Array)
#7 C:\xampp\htdocs\ITE311-TERRADO\system\Config\Services.php(415): config('Config\\Migratio...')
#8 C:\xampp\htdocs\ITE311-TERRADO\system\Config\BaseService.php(258): CodeIgniter\Config\Services::migrations(NULL, NULL, false)
#9 C:\xampp\htdocs\ITE311-TERRADO\system\Config\BaseService.php(199): CodeIgniter\Config\BaseService::__callStatic('migrations', Array)
#10 C:\xampp\htdocs\ITE311-TERRADO\system\Config\Services.php(412): CodeIgniter\Config\BaseService::getSharedInstance('migrations', NULL, NULL)
#11 C:\xampp\htdocs\ITE311-TERRADO\system\Config\BaseService.php(258): CodeIgniter\Config\Services::migrations()
#12 C:\xampp\htdocs\ITE311-TERRADO\system\Commands\Database\Migrate.php(69): CodeIgniter\Config\BaseService::__callStatic('migrations', Array)
#13 C:\xampp\htdocs\ITE311-TERRADO\system\CLI\Commands.php(65): CodeIgniter\Commands\Database\Migrate->run(Array)
#14 C:\xampp\htdocs\ITE311-TERRADO\system\CLI\Console.php(46): CodeIgniter\CLI\Commands->run('migrate', Array)
#15 C:\xampp\htdocs\ITE311-TERRADO\spark(102): CodeIgniter\CLI\Console->run()
#16 {main}
CRITICAL - 2025-10-09 17:02:45 --> CodeIgniter\Database\Exceptions\DatabaseException: Unable to connect to the database.
Main connection [MySQLi]: No connection could be made because the target machine actively refused it
in SYSTEMPATH\Database\BaseConnection.php on line 428.
 1 SYSTEMPATH\Database\Database.php(66): CodeIgniter\Database\BaseConnection->initialize()
 2 SYSTEMPATH\Database\Config.php(109): CodeIgniter\Database\Database->loadForge(Object(CodeIgniter\Database\MySQLi\Connection))
 3 SYSTEMPATH\Database\Migration.php(49): CodeIgniter\Database\Config::forge('default')
 4 SYSTEMPATH\Config\Factories.php(218): CodeIgniter\Database\Migration->__construct()
 5 SYSTEMPATH\Config\Factories.php(168): CodeIgniter\Config\Factories::createInstance('config', 'App\\Database\\Migrations\\CreateUsersTable', [])
 6 SYSTEMPATH\Common.php(215): CodeIgniter\Config\Factories::__callStatic('config', [])
 7 SYSTEMPATH\Config\Services.php(415): config('Config\\Migrations')
 8 SYSTEMPATH\Config\BaseService.php(258): CodeIgniter\Config\Services::migrations(null, null, false)
 9 SYSTEMPATH\Config\BaseService.php(199): CodeIgniter\Config\BaseService::__callStatic('migrations', [...])
10 SYSTEMPATH\Config\Services.php(412): CodeIgniter\Config\BaseService::getSharedInstance('migrations', null, null)
11 SYSTEMPATH\Config\BaseService.php(258): CodeIgniter\Config\Services::migrations()
12 SYSTEMPATH\Commands\Database\Migrate.php(69): CodeIgniter\Config\BaseService::__callStatic('migrations', [])
13 SYSTEMPATH\CLI\Commands.php(65): CodeIgniter\Commands\Database\Migrate->run([])
14 SYSTEMPATH\CLI\Console.php(46): CodeIgniter\CLI\Commands->run('migrate', [])
15 ROOTPATH\spark(102): CodeIgniter\CLI\Console->run()
